#
# A fatal error has been detected by the Java Runtime Environment:
#
#  SIGSEGV (0xb) at pc=0x0112c762, pid=3900, tid=3073481584
#
# JRE version: 6.0-b16
# Java VM: OpenJDK Client VM (14.0-b16 mixed mode, sharing linux-x86 )
# Distribution: Ubuntu 9.10, package 6b16-1.6.1-3ubuntu3
# Problematic frame:
# V  [libjvm.so+0x2fc762]
#
# If you would like to submit a bug report, please include
# instructions how to reproduce the bug and visit:
#   https://bugs.launchpad.net/ubuntu/+source/openjdk-6/
#

---------------  T H R E A D  ---------------

Current thread (0x08f94c00):  JavaThread "CompilerThread0" daemon [_thread_in_vm, id=3910, stack(0xb7299000,0xb731a000)]

siginfo:si_signo=SIGSEGV: si_errno=0, si_code=1 (SEGV_MAPERR), si_addr=0x00000010

Registers:
EAX=0x00000000, EBX=0x0123bff4, ECX=0x0123bff4, EDX=0x00000c80
ESP=0xb7318a70, EBP=0xb7318a78, ESI=0x00000c80, EDI=0xb7318b70
EIP=0x0112c762, CR2=0x00000010, EFLAGS=0x00210282

Top of Stack: (sp=0xb7318a70)
0xb7318a70:   0123bff4 b7318b2c b7318a98 0112c7bf
0xb7318a80:   00000c80 0125f760 00000000 0112c78a
0xb7318a90:   0123bff4 b7318b00 b7318ad8 0112d065
0xb7318aa0:   b7318b2c b7318b2c 02c022e7 02c022e7
0xb7318ab0:   b7318b00 b7318b70 b7318ad8 b7318b2c
0xb7318ac0:   b7318b2c 0125f760 b7318e70 0123bff4
0xb7318ad0:   b7318b00 b7318b70 b7318b58 00f3fec5
0xb7318ae0:   b7318b00 b7318e70 b7318b70 00000000 

Instructions: (pc=0x0112c762)
0x0112c752:   39 c6 7d 1a 83 ec 0c 56 e8 71 72 02 00 83 c4 10
0x0112c762:   8b 40 10 8d 65 f8 5b 5e 5d c3 8d 74 26 00 8d 65 

Stack: [0xb7299000,0xb731a000],  sp=0xb7318a70,  free space=510k
Native frames: (J=compiled Java code, j=interpreted, Vv=VM code, C=native code)
V  [libjvm.so+0x2fc762]
V  [libjvm.so+0x2fc7bf]
V  [libjvm.so+0x2fd065]
V  [libjvm.so+0x10fec5]
V  [libjvm.so+0x110821]
V  [libjvm.so+0x10d88f]
V  [libjvm.so+0x10da6b]
V  [libjvm.so+0x10e521]
V  [libjvm.so+0xcad81]
V  [libjvm.so+0xcae22]
V  [libjvm.so+0x37537]
V  [libjvm.so+0x74120]
V  [libjvm.so+0x740d7]
V  [libjvm.so+0x120842]
V  [libjvm.so+0x120f77]
V  [libjvm.so+0x3620b8]
V  [libjvm.so+0x36701c]
V  [libjvm.so+0x3670da]
V  [libjvm.so+0x2c6291]
C  [libpthread.so.0+0x580e]


Current CompileTask:
C1:  1      java.lang.String.hashCode()I (60 bytes)


---------------  P R O C E S S  ---------------

Java Threads: ( => current thread )
  0x08f98000 JavaThread "Low Memory Detector" daemon [_thread_blocked, id=3911, stack(0xb7248000,0xb7299000)]
=>0x08f94c00 JavaThread "CompilerThread0" daemon [_thread_in_vm, id=3910, stack(0xb7299000,0xb731a000)]
  0x08f93400 JavaThread "Signal Dispatcher" daemon [_thread_blocked, id=3909, stack(0xb731a000,0xb736b000)]
  0x08f8a400 JavaThread "Finalizer" daemon [_thread_blocked, id=3908, stack(0xb73b1000,0xb7402000)]
  0x08f88c00 JavaThread "Reference Handler" daemon [_thread_blocked, id=3907, stack(0xb7402000,0xb7453000)]
  0x08f5a400 JavaThread "main" [_thread_in_vm, id=3905, stack(0xb769c000,0xb76ed000)]

Other Threads:
  0x08f87000 VMThread [stack: 0xb7453000,0xb74d4000] [id=3906]
  0x08f99c00 WatcherThread [stack: 0xb71c7000,0xb7248000] [id=3912]

VM state:not at safepoint (normal execution)

VM Mutex/Monitor currently owned by a thread:  ([mutex/lock_event])
[0x08f57678] CodeCache_lock - owner thread: 0x08f94c00
[0x08f58448] AdapterHandlerLibrary_lock - owner thread: 0x08f5a400

Heap
 def new generation   total 960K, used 218K [0x75c70000, 0x75d70000, 0x783d0000)
  eden space 896K,  24% used [0x75c70000, 0x75ca6818, 0x75d50000)
  from space 64K,   0% used [0x75d50000, 0x75d50000, 0x75d60000)
  to   space 64K,   0% used [0x75d60000, 0x75d60000, 0x75d70000)
 tenured generation   total 4096K, used 0K [0x783d0000, 0x787d0000, 0x95c70000)
   the space 4096K,   0% used [0x783d0000, 0x783d0000, 0x783d0200, 0x787d0000)
 compacting perm gen  total 12288K, used 29K [0x95c70000, 0x96870000, 0x99c70000)
   the space 12288K,   0% used [0x95c70000, 0x95c775a0, 0x95c77600, 0x96870000)
    ro space 8192K,  89% used [0x99c70000, 0x9a39e680, 0x9a39e800, 0x9a470000)
    rw space 12288K,  59% used [0x9a470000, 0x9ab9d1f8, 0x9ab9d200, 0x9b070000)

Dynamic libraries:
00110000-0024e000 r-xp 00000000 08:05 188857     /lib/tls/i686/cmov/libc-2.10.1.so
0024e000-0024f000 ---p 0013e000 08:05 188857     /lib/tls/i686/cmov/libc-2.10.1.so
0024f000-00251000 r--p 0013e000 08:05 188857     /lib/tls/i686/cmov/libc-2.10.1.so
00251000-00252000 rw-p 00140000 08:05 188857     /lib/tls/i686/cmov/libc-2.10.1.so
00252000-00255000 rw-p 00000000 00:00 0 
00255000-0025c000 r-xp 00000000 08:05 191294     /lib/tls/i686/cmov/librt-2.10.1.so
0025c000-0025d000 r--p 00006000 08:05 191294     /lib/tls/i686/cmov/librt-2.10.1.so
0025d000-0025e000 rw-p 00007000 08:05 191294     /lib/tls/i686/cmov/librt-2.10.1.so
0025e000-00271000 r-xp 00000000 08:05 190973     /lib/tls/i686/cmov/libnsl-2.10.1.so
00271000-00272000 r--p 00012000 08:05 190973     /lib/tls/i686/cmov/libnsl-2.10.1.so
00272000-00273000 rw-p 00013000 08:05 190973     /lib/tls/i686/cmov/libnsl-2.10.1.so
00273000-00275000 rw-p 00000000 00:00 0 
00275000-0027c000 r-xp 00000000 08:05 172142     /usr/lib/jvm/java-6-openjdk/jre/lib/i386/libzip.so
0027c000-0027d000 r--p 00006000 08:05 172142     /usr/lib/jvm/java-6-openjdk/jre/lib/i386/libzip.so
0027d000-0027e000 rw-p 00007000 08:05 172142     /usr/lib/jvm/java-6-openjdk/jre/lib/i386/libzip.so
0027e000-00285000 rwxp 00000000 00:00 0 
00285000-0029f000 rwxp 00000000 00:00 0 
0029f000-002a4000 rwxp 00000000 00:00 0 
002c7000-002ce000 rwxp 00000000 00:00 0 
002dc000-002e5000 r-xp 00000000 08:05 191289     /lib/tls/i686/cmov/libnss_nis-2.10.1.so
002e5000-002e6000 r--p 00008000 08:05 191289     /lib/tls/i686/cmov/libnss_nis-2.10.1.so
002e6000-002e7000 rw-p 00009000 08:05 191289     /lib/tls/i686/cmov/libnss_nis-2.10.1.so
002f9000-002fb000 rwxp 00000000 00:00 0 
002fb000-00379000 rwxp 00000000 00:00 0 
00396000-003ab000 r-xp 00000000 08:05 191292     /lib/tls/i686/cmov/libpthread-2.10.1.so
003ab000-003ac000 r--p 00014000 08:05 191292     /lib/tls/i686/cmov/libpthread-2.10.1.so
003ac000-003ad000 rw-p 00015000 08:05 191292     /lib/tls/i686/cmov/libpthread-2.10.1.so
003ad000-003af000 rw-p 00000000 00:00 0 
003af000-003b0000 rwxp 00000000 00:00 0 
003b0000-003c2000 rwxp 00000000 00:00 0 
003c2000-003c5000 rwxp 00000000 00:00 0 
003c5000-004af000 rwxp 00000000 00:00 0 
004af000-004b5000 rwxp 00000000 00:00 0 
004b5000-004cf000 rwxp 00000000 00:00 0 
004cf000-004da000 rwxp 00000000 00:00 0 
005c0000-005e4000 r-xp 00000000 08:05 172125     /usr/lib/jvm/java-6-openjdk/jre/lib/i386/libjava.so
005e4000-005e5000 r--p 00023000 08:05 172125     /usr/lib/jvm/java-6-openjdk/jre/lib/i386/libjava.so
005e5000-005e7000 rw-p 00024000 08:05 172125     /usr/lib/jvm/java-6-openjdk/jre/lib/i386/libjava.so
00626000-00628000 r-xp 00000000 08:05 190325     /lib/tls/i686/cmov/libdl-2.10.1.so
00628000-00629000 r--p 00001000 08:05 190325     /lib/tls/i686/cmov/libdl-2.10.1.so
00629000-0062a000 rw-p 00002000 08:05 190325     /lib/tls/i686/cmov/libdl-2.10.1.so
0068e000-006a9000 r-xp 00000000 08:05 171941     /lib/ld-2.10.1.so
006a9000-006aa000 r--p 0001a000 08:05 171941     /lib/ld-2.10.1.so
006aa000-006ab000 rw-p 0001b000 08:05 171941     /lib/ld-2.10.1.so
006c0000-006cc000 r-xp 00000000 08:05 172141     /usr/lib/jvm/java-6-openjdk/jre/lib/i386/libverify.so
006cc000-006cd000 r--p 0000b000 08:05 172141     /usr/lib/jvm/java-6-openjdk/jre/lib/i386/libverify.so
006cd000-006ce000 rw-p 0000c000 08:05 172141     /usr/lib/jvm/java-6-openjdk/jre/lib/i386/libverify.so
006ce000-006d1000 rwxp 00000000 00:00 0 
006d1000-007bb000 rwxp 00000000 00:00 0 
009f4000-009fb000 r-xp 00000000 08:05 239585     /usr/lib/jvm/java-6-openjdk/jre/lib/i386/native_threads/libhpi.so
009fb000-009fc000 r--p 00006000 08:05 239585     /usr/lib/jvm/java-6-openjdk/jre/lib/i386/native_threads/libhpi.so
009fc000-009fd000 rw-p 00007000 08:05 239585     /usr/lib/jvm/java-6-openjdk/jre/lib/i386/native_threads/libhpi.so
00a3c000-00a46000 r-xp 00000000 08:05 191287     /lib/tls/i686/cmov/libnss_files-2.10.1.so
00a46000-00a47000 r--p 00009000 08:05 191287     /lib/tls/i686/cmov/libnss_files-2.10.1.so
00a47000-00a48000 rw-p 0000a000 08:05 191287     /lib/tls/i686/cmov/libnss_files-2.10.1.so
00b57000-00b5d000 r-xp 00000000 08:05 190974     /lib/tls/i686/cmov/libnss_compat-2.10.1.so
00b5d000-00b5e000 r--p 00005000 08:05 190974     /lib/tls/i686/cmov/libnss_compat-2.10.1.so
00b5e000-00b5f000 rw-p 00006000 08:05 190974     /lib/tls/i686/cmov/libnss_compat-2.10.1.so
00be8000-00beb000 r-xp 00000000 08:05 239583     /usr/lib/jvm/java-6-openjdk/jre/lib/i386/jli/libjli.so
00beb000-00bec000 r--p 00003000 08:05 239583     /usr/lib/jvm/java-6-openjdk/jre/lib/i386/jli/libjli.so
00bec000-00bed000 rw-p 00004000 08:05 239583     /usr/lib/jvm/java-6-openjdk/jre/lib/i386/jli/libjli.so
00c9a000-00c9b000 r-xp 00000000 00:00 0          [vdso]
00deb000-00e0f000 r-xp 00000000 08:05 190326     /lib/tls/i686/cmov/libm-2.10.1.so
00e0f000-00e10000 r--p 00023000 08:05 190326     /lib/tls/i686/cmov/libm-2.10.1.so
00e10000-00e11000 rw-p 00024000 08:05 190326     /lib/tls/i686/cmov/libm-2.10.1.so
00e1a000-00e2e000 r-xp 00000000 08:05 171750     /lib/libz.so.1.2.3.3
00e2e000-00e2f000 r--p 00013000 08:05 171750     /lib/libz.so.1.2.3.3
00e2f000-00e30000 rw-p 00014000 08:05 171750     /lib/libz.so.1.2.3.3
00e30000-01225000 r-xp 00000000 08:05 172099     /usr/lib/jvm/java-6-openjdk/jre/lib/i386/client/libjvm.so
01225000-01226000 ---p 003f5000 08:05 172099     /usr/lib/jvm/java-6-openjdk/jre/lib/i386/client/libjvm.so
01226000-0123c000 r--p 003f5000 08:05 172099     /usr/lib/jvm/java-6-openjdk/jre/lib/i386/client/libjvm.so
0123c000-01248000 rw-p 0040b000 08:05 172099     /usr/lib/jvm/java-6-openjdk/jre/lib/i386/client/libjvm.so
01248000-01668000 rw-p 00000000 00:00 0 
02b8e000-02c06000 rwxp 00000000 00:00 0 
02c06000-04b8e000 rwxp 00000000 00:00 0 
08048000-08051000 r-xp 00000000 08:05 278127     /usr/lib/jvm/java-6-openjdk/jre/bin/java
08051000-08052000 r--p 00008000 08:05 278127     /usr/lib/jvm/java-6-openjdk/jre/bin/java
08052000-08053000 rw-p 00009000 08:05 278127     /usr/lib/jvm/java-6-openjdk/jre/bin/java
08f54000-08fbf000 rw-p 00000000 00:00 0          [heap]
75c70000-75d70000 rwxp 00000000 00:00 0 
75d70000-783d0000 rwxp 00000000 00:00 0 
783d0000-787d0000 rwxp 00000000 00:00 0 
787d0000-95c70000 rwxp 00000000 00:00 0 
95c70000-96870000 rwxp 00000000 00:00 0 
96870000-99c70000 rwxp 00000000 00:00 0 
99c70000-9a39f000 r--s 00001000 08:05 172151     /usr/lib/jvm/java-6-openjdk/jre/lib/i386/client/classes.jsa
9a39f000-9a470000 rwxp 00000000 00:00 0 
9a470000-9ab9e000 rw-p 00730000 08:05 172151     /usr/lib/jvm/java-6-openjdk/jre/lib/i386/client/classes.jsa
9ab9e000-9b070000 rwxp 00000000 00:00 0 
9b070000-9b169000 rw-p 00e5e000 08:05 172151     /usr/lib/jvm/java-6-openjdk/jre/lib/i386/client/classes.jsa
9b169000-9b470000 rwxp 00000000 00:00 0 
9b470000-9b478000 r-xs 00f57000 08:05 172151     /usr/lib/jvm/java-6-openjdk/jre/lib/i386/client/classes.jsa
9b478000-9b870000 rwxp 00000000 00:00 0 
b71be000-b71c7000 r--s 00065000 08:05 147788     /usr/share/java/gnome-java-bridge.jar
b71c7000-b71c8000 ---p 00000000 00:00 0 
b71c8000-b7248000 rw-p 00000000 00:00 0 
b7248000-b724b000 ---p 00000000 00:00 0 
b724b000-b7299000 rw-p 00000000 00:00 0 
b7299000-b729c000 ---p 00000000 00:00 0 
b729c000-b731a000 rw-p 00000000 00:00 0 
b731a000-b731d000 ---p 00000000 00:00 0 
b731d000-b736b000 rw-p 00000000 00:00 0 
b736b000-b7372000 r--s 00000000 08:05 74604      /usr/lib/gconv/gconv-modules.cache
b7372000-b73b1000 r--p 00000000 08:05 99032      /usr/lib/locale/pt_BR.utf8/LC_CTYPE
b73b1000-b73b4000 ---p 00000000 00:00 0 
b73b4000-b7402000 rw-p 00000000 00:00 0 
b7402000-b7405000 ---p 00000000 00:00 0 
b7405000-b7453000 rw-p 00000000 00:00 0 
b7453000-b7454000 ---p 00000000 00:00 0 
b7454000-b7507000 rw-p 00000000 00:00 0 
b7507000-b769c000 r--s 038eb000 08:05 116776     /usr/lib/jvm/java-6-openjdk/jre/lib/rt.jar
b769c000-b769f000 ---p 00000000 00:00 0 
b769f000-b76f0000 rw-p 00000000 00:00 0 
b76f3000-b76f6000 r--s 0000f000 08:05 115895     /usr/lib/jvm/java-6-openjdk/jre/lib/ext/pulse-java.jar
b76f6000-b76fe000 rw-s 00000000 08:05 1030278    /tmp/hsperfdata_trak/3900
b76fe000-b76ff000 rw-p 00000000 00:00 0 
b76ff000-b7700000 r--p 00000000 00:00 0 
b7700000-b7702000 rw-p 00000000 00:00 0 
bfdbf000-bfdd4000 rw-p 00000000 00:00 0          [stack]

VM Arguments:
jvm_args: -Dfile.encoding=UTF-8 
java_command: Principal.Principal
Launcher Type: SUN_STANDARD

Environment Variables:
PATH=/usr/local/sbin:/usr/local/bin:/usr/sbin:/usr/bin:/sbin:/bin:/usr/games
USERNAME=trak
LD_LIBRARY_PATH=/usr/lib/jvm/java-6-openjdk/jre/lib/i386/client:/usr/lib/jvm/java-6-openjdk/jre/lib/i386:/usr/lib/jvm/java-6-openjdk/jre/../lib/i386:/usr/lib/jvm/java-6-openjdk/jre/lib/i386/client:/usr/lib/jvm/java-6-openjdk/jre/lib/i386:/usr/lib/xulrunner-addons:/usr/lib/xulrunner-addons
SHELL=/bin/bash
DISPLAY=:0.0

Signal Handlers:
SIGSEGV: [libjvm.so+0x393ce0], sa_mask[0]=0x7ffbfeff, sa_flags=0x10000004
SIGBUS: [libjvm.so+0x393ce0], sa_mask[0]=0x7ffbfeff, sa_flags=0x10000004
SIGFPE: [libjvm.so+0x2c2be0], sa_mask[0]=0x7ffbfeff, sa_flags=0x10000004
SIGPIPE: [libjvm.so+0x2c2be0], sa_mask[0]=0x7ffbfeff, sa_flags=0x10000004
SIGXFSZ: [libjvm.so+0x2c2be0], sa_mask[0]=0x7ffbfeff, sa_flags=0x10000004
SIGILL: [libjvm.so+0x2c2be0], sa_mask[0]=0x7ffbfeff, sa_flags=0x10000004
SIGUSR1: SIG_DFL, sa_mask[0]=0x00000000, sa_flags=0x00000000
SIGUSR2: [libjvm.so+0x2c22c0], sa_mask[0]=0x00000004, sa_flags=0x10000004
SIGHUP: [libjvm.so+0x2c4970], sa_mask[0]=0x7ffbfeff, sa_flags=0x10000004
SIGINT: [libjvm.so+0x2c4970], sa_mask[0]=0x7ffbfeff, sa_flags=0x10000004
SIGTERM: [libjvm.so+0x2c4970], sa_mask[0]=0x7ffbfeff, sa_flags=0x10000004
SIGQUIT: [libjvm.so+0x2c4970], sa_mask[0]=0x7ffbfeff, sa_flags=0x10000004


---------------  S Y S T E M  ---------------

OS:Ubuntu 9.10 (karmic)
uname:Linux 2.6.31-21-generic #59-Ubuntu SMP Wed Mar 24 07:28:56 UTC 2010 i686
libc:glibc 2.10.1 NPTL 2.10.1 
rlimit: STACK 8192k, CORE 0k, NPROC infinity, NOFILE 1024, AS infinity
load average:0.21 0.16 0.20

CPU:total 2 (1 cores per cpu, 2 threads per core) family 15 model 6 stepping 5, cmov, cx8, fxsr, mmx, sse, sse2, sse3, ht

Memory: 4k page, physical 991648k(40456k free), swap 2128572k(1846212k free)

vm_info: OpenJDK Client VM (14.0-b16) for linux-x86 JRE (1.6.0_0-b16), built on Apr  4 2010 20:02:50 by "buildd" with gcc 4.4.1

time: Wed Jun  2 10:36:26 2010
elapsed time: 0 seconds

